c:\users\andrew\source\repos\pteron\talon\bin\x86\debug\vc142.pdb
c:\users\andrew\source\repos\pteron\talon\bin\x86\debug\vc142.idb
c:\users\andrew\source\repos\pteron\talon\bin\x86\debug\window.obj
c:\users\andrew\source\repos\pteron\talon\bin\x86\debug\textbox.obj
c:\users\andrew\source\repos\pteron\talon\bin\x86\debug\label.obj
c:\users\andrew\source\repos\pteron\talon\bin\x86\debug\form.obj
c:\users\andrew\source\repos\pteron\talon\bin\x86\debug\control.obj
c:\users\andrew\source\repos\pteron\talon\bin\x86\debug\combobox.obj
c:\users\andrew\source\repos\pteron\talon\bin\x86\debug\checkbox.obj
c:\users\andrew\source\repos\pteron\talon\bin\x86\debug\button.obj
c:\users\andrew\source\repos\pteron\talon\bin\x86\debug\application.obj
c:\users\andrew\source\repos\pteron\bin\x86\debug\talon.dll
c:\users\andrew\source\repos\pteron\bin\x86\debug\talon.ilk
c:\users\andrew\source\repos\pteron\bin\x86\debug\talon.pdb
c:\users\andrew\source\repos\pteron\bin\x86\debug\talon.lib
c:\users\andrew\source\repos\pteron\bin\x86\debug\talon.exp
c:\users\andrew\source\repos\pteron\talon\bin\x86\debug\talon.tlog\cl.command.1.tlog
c:\users\andrew\source\repos\pteron\talon\bin\x86\debug\talon.tlog\cl.read.1.tlog
c:\users\andrew\source\repos\pteron\talon\bin\x86\debug\talon.tlog\cl.write.1.tlog
c:\users\andrew\source\repos\pteron\talon\bin\x86\debug\talon.tlog\link.command.1.tlog
c:\users\andrew\source\repos\pteron\talon\bin\x86\debug\talon.tlog\link.read.1.tlog
c:\users\andrew\source\repos\pteron\talon\bin\x86\debug\talon.tlog\link.write.1.tlog
c:\users\andrew\source\repos\pteron\talon\bin\x86\debug\talon.tlog\talon.write.1u.tlog
